<?xml version="1.0" encoding="UTF-8"?>
<!-- Generated by org.testng.reporters.JUnitReportReporter -->
<testsuite hostname="DESKTOP-A87GBHN" failures="0" tests="1" name="testngpkg.Seleniumassignment1" time="26.959" errors="0" timestamp="2023-06-14T19:57:21 IST" skipped="0">
  <testcase classname="testngpkg.Seleniumassignment1" name="test" time="26.959"/>
  <system-out/>
</testsuite> <!-- testngpkg.Seleniumassignment1 -->
