<?xml version="1.0" encoding="UTF-8"?>
<!-- Generated by org.testng.reporters.JUnitReportReporter -->
<testsuite hostname="DESKTOP-A87GBHN" failures="0" tests="1" name="test.Fblogintest" time="30.017" errors="0" timestamp="2023-06-12T17:29:20 IST" skipped="0">
  <testcase classname="test.Fblogintest" name="fbtest" time="30.017"/>
  <system-out/>
</testsuite> <!-- test.Fblogintest -->
