<?xml version="1.0" encoding="UTF-8"?>
<!-- Generated by org.testng.reporters.JUnitReportReporter -->
<testsuite hostname="DESKTOP-A87GBHN" failures="0" tests="1" name="testngpkg.Parameterprgrm" time="4.628" errors="0" timestamp="2023-05-30T14:55:31 IST" skipped="0">
  <testcase classname="testngpkg.Parameterprgrm" name="test1" time="4.628"/>
  <system-out/>
</testsuite> <!-- testngpkg.Parameterprgrm -->
