<?xml version="1.0" encoding="UTF-8"?>
<!-- Generated by org.testng.reporters.JUnitReportReporter -->
<testsuite hostname="DESKTOP-A87GBHN" failures="0" tests="1" name="testngpkg.Copypaste" time="6.246" errors="0" timestamp="2023-05-29T14:06:01 IST" skipped="0">
  <testcase classname="testngpkg.Copypaste" name="test1" time="6.246"/>
  <system-out/>
</testsuite> <!-- testngpkg.Copypaste -->
