<?xml version="1.0" encoding="UTF-8"?>
<!-- Generated by org.testng.reporters.JUnitReportReporter -->
<testsuite hostname="DESKTOP-A87GBHN" failures="0" tests="1" name="testngpkg.Seleniumassignment2" time="18.683" errors="0" timestamp="2023-06-16T11:45:42 IST" skipped="0">
  <testcase classname="testngpkg.Seleniumassignment2" name="test" time="18.683"/>
  <system-out/>
</testsuite> <!-- testngpkg.Seleniumassignment2 -->
