<?xml version="1.0" encoding="UTF-8"?>
<!-- Generated by org.testng.reporters.JUnitReportReporter -->
<testsuite hostname="DESKTOP-A87GBHN" failures="0" tests="1" name="testngpkg.Date" time="47.578" errors="0" timestamp="2023-06-07T22:10:47 IST" skipped="0">
  <testcase classname="testngpkg.Date" name="date" time="47.578"/>
  <system-out/>
</testsuite> <!-- testngpkg.Date -->
