<?xml version="1.0" encoding="UTF-8"?>
<!-- Generated by org.testng.reporters.JUnitReportReporter -->
<testsuite hostname="DESKTOP-A87GBHN" failures="0" tests="1" name="testngpkg.Assignment8" time="12.877" errors="0" timestamp="2023-06-18T21:05:07 IST" skipped="0">
  <testcase classname="testngpkg.Assignment8" name="burlload" time="12.877"/>
  <system-out/>
</testsuite> <!-- testngpkg.Assignment8 -->
