<?xml version="1.0" encoding="UTF-8"?>
<!-- Generated by org.testng.reporters.JUnitReportReporter -->
<testsuite hostname="DESKTOP-A87GBHN" failures="0" tests="2" name="testngpkg.Testngprgrm1" time="5.444" errors="0" timestamp="2023-05-26T17:41:15 IST" skipped="0">
  <testcase classname="testngpkg.Testngprgrm1" name="contentver" time="1.280"/>
  <system-out/>
  <testcase classname="testngpkg.Testngprgrm1" name="titlever" time="4.164"/>
  <system-out/>
</testsuite> <!-- testngpkg.Testngprgrm1 -->
