<?xml version="1.0" encoding="UTF-8"?>
<!-- Generated by org.testng.reporters.JUnitReportReporter -->
<testsuite hostname="DESKTOP-A87GBHN" failures="0" tests="4" name="testngpkg.Practice1" time="0.021" errors="0" timestamp="2023-05-29T10:34:14 IST" skipped="0">
  <testcase classname="testngpkg.Practice1" name="a1" time="0.012"/>
  <system-out/>
  <testcase classname="testngpkg.Practice1" name="a2" time="0.003"/>
  <system-out/>
  <testcase classname="testngpkg.Practice1" name="a4" time="0.004"/>
  <system-out/>
  <testcase classname="testngpkg.Practice1" name="a5" time="0.002"/>
  <system-out/>
</testsuite> <!-- testngpkg.Practice1 -->
