<?xml version="1.0" encoding="UTF-8"?>
<!-- Generated by org.testng.reporters.JUnitReportReporter -->
<testsuite hostname="DESKTOP-A87GBHN" failures="0" tests="1" name="test.Fbcreatepagetest" time="4.242" errors="0" timestamp="2023-06-12T11:54:20 IST" skipped="0">
  <testcase classname="test.Fbcreatepagetest" name="createpagetest" time="4.242"/>
  <system-out/>
</testsuite> <!-- test.Fbcreatepagetest -->
