<?xml version="1.0" encoding="UTF-8"?>
<!-- Generated by org.testng.reporters.JUnitReportReporter -->
<testsuite hostname="DESKTOP-A87GBHN" failures="0" tests="1" name="testngpkg.Fileuploadrobot" time="7.168" errors="0" timestamp="2023-06-02T14:25:56 IST" skipped="0">
  <testcase classname="testngpkg.Fileuploadrobot" name="test" time="7.168"/>
  <system-out/>
</testsuite> <!-- testngpkg.Fileuploadrobot -->
