<?xml version="1.0" encoding="UTF-8"?>
<!-- Generated by org.testng.reporters.JUnitReportReporter -->
<testsuite hostname="DESKTOP-A87GBHN" failures="0" tests="1" name="testngpkg.Dragandrop" time="13.803" errors="0" timestamp="2023-06-18T20:34:11 IST" skipped="0">
  <testcase classname="testngpkg.Dragandrop" name="test1" time="13.803"/>
  <system-out/>
</testsuite> <!-- testngpkg.Dragandrop -->
