<?xml version="1.0" encoding="UTF-8"?>
<!-- Generated by org.testng.reporters.JUnitReportReporter -->
<testsuite hostname="DESKTOP-A87GBHN" failures="0" tests="1" name="testngpkg.Reddiffbutton" time="5.080" errors="0" timestamp="2023-05-29T10:35:40 IST" skipped="0">
  <testcase classname="testngpkg.Reddiffbutton" name="test2" time="5.080"/>
  <system-out/>
</testsuite> <!-- testngpkg.Reddiffbutton -->
