<?xml version="1.0" encoding="UTF-8"?>
<!-- Generated by org.testng.reporters.JUnitReportReporter -->
<testsuite hostname="DESKTOP-A87GBHN" failures="0" tests="1" name="testngpkg.Fileupload" time="30.752" errors="0" timestamp="2023-06-01T15:01:44 IST" skipped="0">
  <testcase classname="testngpkg.Fileupload" name="test2" time="30.752"/>
  <system-out/>
</testsuite> <!-- testngpkg.Fileupload -->
