<?xml version="1.0" encoding="UTF-8"?>
<!-- Generated by org.testng.reporters.JUnitReportReporter -->
<testsuite hostname="DESKTOP-A87GBHN" failures="0" tests="1" name="testngpkg.Questionwindow" time="33.481" errors="0" timestamp="2023-06-23T15:20:25 IST" skipped="0">
  <testcase classname="testngpkg.Questionwindow" name="test" time="33.481"/>
  <system-out/>
</testsuite> <!-- testngpkg.Questionwindow -->
