<?xml version="1.0" encoding="UTF-8"?>
<!-- Generated by org.testng.reporters.JUnitReportReporter -->
<testsuite hostname="DESKTOP-A87GBHN" failures="0" tests="1" name="testngpkg.Loginvalidation" time="11.688" errors="0" timestamp="2023-05-30T17:04:35 IST" skipped="0">
  <testcase classname="testngpkg.Loginvalidation" name="test1" time="11.688"/>
  <system-out/>
</testsuite> <!-- testngpkg.Loginvalidation -->
