<?xml version="1.0" encoding="UTF-8"?>
<!-- Generated by org.testng.reporters.JUnitReportReporter -->
<testsuite hostname="DESKTOP-A87GBHN" failures="0" tests="1" name="testngpkg.Gurudemo" time="12.564" errors="0" timestamp="2023-05-29T14:37:34 IST" skipped="0">
  <testcase classname="testngpkg.Gurudemo" name="test1" time="12.564"/>
  <system-out/>
</testsuite> <!-- testngpkg.Gurudemo -->
