<?xml version="1.0" encoding="UTF-8"?>
<!-- Generated by org.testng.reporters.JUnitReportReporter -->
<testsuite hostname="DESKTOP-A87GBHN" failures="0" tests="1" name="testngpkg.Justdialwindowhandle" time="45.704" errors="0" timestamp="2023-06-12T15:10:14 IST" skipped="0">
  <testcase classname="testngpkg.Justdialwindowhandle" name="test" time="45.704"/>
  <system-out/>
</testsuite> <!-- testngpkg.Justdialwindowhandle -->
