<?xml version="1.0" encoding="UTF-8"?>
<!-- Generated by org.testng.reporters.JUnitReportReporter -->
<testsuite hostname="DESKTOP-A87GBHN" failures="0" tests="1" name="testngpkg.Mypracticedatadriven" time="17.493" errors="0" timestamp="2023-06-01T10:26:32 IST" skipped="0">
  <testcase classname="testngpkg.Mypracticedatadriven" name="test" time="17.493"/>
  <system-out/>
</testsuite> <!-- testngpkg.Mypracticedatadriven -->
