<?xml version="1.0" encoding="UTF-8"?>
<!-- Generated by org.testng.reporters.JUnitReportReporter -->
<testsuite hostname="DESKTOP-A87GBHN" failures="0" tests="3" name="testngpkg.Crossbrowsertest" time="44.002" errors="0" timestamp="2023-06-01T14:38:00 IST" skipped="0">
  <testcase classname="testngpkg.Crossbrowsertest" name="url" time="4.462"/>
  <system-out/>
  <testcase classname="testngpkg.Crossbrowsertest" name="url" time="19.420"/>
  <system-out/>
  <testcase classname="testngpkg.Crossbrowsertest" name="url" time="20.120"/>
  <system-out/>
</testsuite> <!-- testngpkg.Crossbrowsertest -->
