<?xml version="1.0" encoding="UTF-8"?>
<!-- Generated by org.testng.reporters.JUnitReportReporter -->
<testsuite hostname="DESKTOP-A87GBHN" failures="0" tests="1" name="testngpkg.Multiplewindowhandle" time="23.854" errors="0" timestamp="2023-06-13T14:07:30 IST" skipped="0">
  <testcase classname="testngpkg.Multiplewindowhandle" name="test" time="23.854"/>
  <system-out/>
</testsuite> <!-- testngpkg.Multiplewindowhandle -->
