<?xml version="1.0" encoding="UTF-8"?>
<!-- Generated by org.testng.reporters.JUnitReportReporter -->
<testsuite hostname="DESKTOP-A87GBHN" failures="0" tests="1" name="test.Gihstest" time="26.592" errors="0" timestamp="2023-06-14T10:32:19 IST" skipped="0">
  <testcase classname="test.Gihstest" name="test" time="26.592"/>
  <system-out/>
</testsuite> <!-- test.Gihstest -->
