<?xml version="1.0" encoding="UTF-8"?>
<!-- Generated by org.testng.reporters.JUnitReportReporter -->
<testsuite hostname="DESKTOP-A87GBHN" failures="0" tests="1" name="testngpkg.Asertionprgrm$Reddiffbutton" time="3.703" errors="0" timestamp="2023-06-01T14:51:37 IST" skipped="0">
  <testcase classname="testngpkg.Asertionprgrm$Reddiffbutton" name="test" time="3.703"/>
  <system-out/>
</testsuite> <!-- testngpkg.Asertionprgrm$Reddiffbutton -->
