<?xml version="1.0" encoding="UTF-8"?>
<!-- Generated by org.testng.reporters.JUnitReportReporter -->
<testsuite hostname="DESKTOP-A87GBHN" failures="0" tests="2" name="testngpkg.Testnggroup" time="0.028" errors="0" timestamp="2023-05-26T19:45:55 IST" skipped="0">
  <testcase classname="testngpkg.Testnggroup" name="t2" time="0.020"/>
  <system-out/>
  <testcase classname="testngpkg.Testnggroup" name="t4" time="0.008"/>
  <system-out/>
</testsuite> <!-- testngpkg.Testnggroup -->
