<?xml version="1.0" encoding="UTF-8"?>
<!-- Generated by org.testng.reporters.JUnitReportReporter -->
<testsuite hostname="DESKTOP-A87GBHN" failures="0" tests="1" name="testngpkg.Assignment3" time="39.065" errors="0" timestamp="2023-06-16T18:20:02 IST" skipped="0">
  <testcase classname="testngpkg.Assignment3" name="url" time="39.065"/>
  <system-out/>
</testsuite> <!-- testngpkg.Assignment3 -->
